1726405003663	geckodriver	INFO	Listening on 127.0.0.1:61800
1726405006709	mozrunner::runner	INFO	Running command: "C:\\Program Files\\Mozilla Firefox\\firefox.exe" "--marionette" "--remote-debugging-port" "61801" "--remote-allow-hosts" "localhost" "-no-remote" "-profile" "C:\\Users\\watth\\AppData\\Local\\Temp\\rust_mozprofileyK1qtl"
console.warn: services.settings: Ignoring preference override of remote settings server
console.warn: services.settings: Allow by setting MOZ_REMOTE_SETTINGS_DEVTOOLS=1 in the environment
Dynamically enable window occlusion 0
1726405006930	Marionette	INFO	Marionette enabled
1726405006998	Marionette	INFO	Listening on port 61808
WebDriver BiDi listening on ws://127.0.0.1:61801
Read port: 61808
1726405007097	RemoteAgent	WARN	TLS certificate errors will be ignored for this session
DevTools listening on ws://127.0.0.1:61801/devtools/browser/35f756a4-3cde-460d-9dab-4a14841ac0a7
1726405046068	Marionette	INFO	Stopped listening on port 61808
Dynamically enable window occlusion 1
console.error: services.settings: 
  Message: NetworkError: Network error: TypeError: NetworkError: Network request failed
  Stack:
    APIError@resource://services-settings/RemoteSettingsClient.sys.mjs:107:1
NetworkError@resource://services-settings/RemoteSettingsClient.sys.mjs:111:5
_adjustedError@resource://services-settings/RemoteSettingsClient.sys.mjs:916:14
maybeSync@resource://services-settings/RemoteSettingsClient.sys.mjs:821:38

console.warn: services.settings: security-state/onecrl sync interrupted by shutdown
console.warn: services.settings: security-state/intermediates sync interrupted by shutdown
console.error: (new NetworkError("Network error: TypeError: NetworkError: Network request failed", "resource://services-settings/RemoteSettingsClient.sys.mjs", 107))
